Determining if the pthread_create exist failed with the following output:
Change Dir: /home/jordy/Projetos/Cpp/opengl/3.0+/SDL2/1-8/build/CMakeFiles/CMakeTmp

Run Build Command:"/usr/bin/make" "cmTryCompileExec2884004672/fast"
/usr/bin/make -f CMakeFiles/cmTryCompileExec2884004672.dir/build.make CMakeFiles/cmTryCompileExec2884004672.dir/build
make[1]: Entering directory '/home/jordy/Projetos/Cpp/opengl/3.0+/SDL2/1-8/build/CMakeFiles/CMakeTmp'
/usr/bin/cmake -E cmake_progress_report /home/jordy/Projetos/Cpp/opengl/3.0+/SDL2/1-8/build/CMakeFiles/CMakeTmp/CMakeFiles 1
Building C object CMakeFiles/cmTryCompileExec2884004672.dir/CheckSymbolExists.c.o
/usr/bin/clang    -o CMakeFiles/cmTryCompileExec2884004672.dir/CheckSymbolExists.c.o   -c /home/jordy/Projetos/Cpp/opengl/3.0+/SDL2/1-8/build/CMakeFiles/CMakeTmp/CheckSymbolExists.c
Linking C executable cmTryCompileExec2884004672
/usr/bin/cmake -E cmake_link_script CMakeFiles/cmTryCompileExec2884004672.dir/link.txt --verbose=1
/usr/bin/clang       CMakeFiles/cmTryCompileExec2884004672.dir/CheckSymbolExists.c.o  -o cmTryCompileExec2884004672 -rdynamic 
CMakeFiles/cmTryCompileExec2884004672.dir/CheckSymbolExists.c.o: In function `main':
/home/jordy/Projetos/Cpp/opengl/3.0+/SDL2/1-8/build/CMakeFiles/CMakeTmp/CheckSymbolExists.c:(.text+0x19): undefined reference to `pthread_create'
clang: error: linker command failed with exit code 1 (use -v to see invocation)
CMakeFiles/cmTryCompileExec2884004672.dir/build.make:88: recipe for target 'cmTryCompileExec2884004672' failed
make[1]: *** [cmTryCompileExec2884004672] Error 1
make[1]: Leaving directory '/home/jordy/Projetos/Cpp/opengl/3.0+/SDL2/1-8/build/CMakeFiles/CMakeTmp'
Makefile:118: recipe for target 'cmTryCompileExec2884004672/fast' failed
make: *** [cmTryCompileExec2884004672/fast] Error 2

File /home/jordy/Projetos/Cpp/opengl/3.0+/SDL2/1-8/build/CMakeFiles/CMakeTmp/CheckSymbolExists.c:
/* */
#include <pthread.h>

int main(int argc, char** argv)
{
  (void)argv;
#ifndef pthread_create
  return ((int*)(&pthread_create))[argc];
#else
  (void)argc;
  return 0;
#endif
}

Determining if the function pthread_create exists in the pthreads failed with the following output:
Change Dir: /home/jordy/Projetos/Cpp/opengl/3.0+/SDL2/1-8/build/CMakeFiles/CMakeTmp

Run Build Command:"/usr/bin/make" "cmTryCompileExec2626597883/fast"
/usr/bin/make -f CMakeFiles/cmTryCompileExec2626597883.dir/build.make CMakeFiles/cmTryCompileExec2626597883.dir/build
make[1]: Entering directory '/home/jordy/Projetos/Cpp/opengl/3.0+/SDL2/1-8/build/CMakeFiles/CMakeTmp'
/usr/bin/cmake -E cmake_progress_report /home/jordy/Projetos/Cpp/opengl/3.0+/SDL2/1-8/build/CMakeFiles/CMakeTmp/CMakeFiles 1
Building C object CMakeFiles/cmTryCompileExec2626597883.dir/CheckFunctionExists.c.o
/usr/bin/clang   -DCHECK_FUNCTION_EXISTS=pthread_create   -o CMakeFiles/cmTryCompileExec2626597883.dir/CheckFunctionExists.c.o   -c /usr/share/cmake-3.0/Modules/CheckFunctionExists.c
Linking C executable cmTryCompileExec2626597883
/usr/bin/cmake -E cmake_link_script CMakeFiles/cmTryCompileExec2626597883.dir/link.txt --verbose=1
/usr/bin/clang   -DCHECK_FUNCTION_EXISTS=pthread_create    CMakeFiles/cmTryCompileExec2626597883.dir/CheckFunctionExists.c.o  -o cmTryCompileExec2626597883 -rdynamic -lpthreads 
/usr/bin/ld: cannot find -lpthreads
clang: error: linker command failed with exit code 1 (use -v to see invocation)
CMakeFiles/cmTryCompileExec2626597883.dir/build.make:88: recipe for target 'cmTryCompileExec2626597883' failed
make[1]: *** [cmTryCompileExec2626597883] Error 1
make[1]: Leaving directory '/home/jordy/Projetos/Cpp/opengl/3.0+/SDL2/1-8/build/CMakeFiles/CMakeTmp'
Makefile:118: recipe for target 'cmTryCompileExec2626597883/fast' failed
make: *** [cmTryCompileExec2626597883/fast] Error 2


