The system is: Linux - 3.17.4-1-ARCH - x86_64
Compiling the C compiler identification source file "CMakeCCompilerId.c" succeeded.
Compiler: /usr/bin/clang 
Build flags: 
Id flags: 

The output was:
0


Compilation of the C compiler identification source "CMakeCCompilerId.c" produced "a.out"

The C compiler identification is Clang, found in "/home/jordy/Projetos/Cpp/opengl/3.0+/SDL2/1-8/build/CMakeFiles/3.0.2/CompilerIdC/a.out"

Compiling the CXX compiler identification source file "CMakeCXXCompilerId.cpp" succeeded.
Compiler: /usr/bin/clang++ 
Build flags: 
Id flags: 

The output was:
0


Compilation of the CXX compiler identification source "CMakeCXXCompilerId.cpp" produced "a.out"

The CXX compiler identification is Clang, found in "/home/jordy/Projetos/Cpp/opengl/3.0+/SDL2/1-8/build/CMakeFiles/3.0.2/CompilerIdCXX/a.out"

Determining if the C compiler works passed with the following output:
Change Dir: /home/jordy/Projetos/Cpp/opengl/3.0+/SDL2/1-8/build/CMakeFiles/CMakeTmp

Run Build Command:"/usr/bin/make" "cmTryCompileExec166580022/fast"
/usr/bin/make -f CMakeFiles/cmTryCompileExec166580022.dir/build.make CMakeFiles/cmTryCompileExec166580022.dir/build
make[1]: Entering directory '/home/jordy/Projetos/Cpp/opengl/3.0+/SDL2/1-8/build/CMakeFiles/CMakeTmp'
/usr/bin/cmake -E cmake_progress_report /home/jordy/Projetos/Cpp/opengl/3.0+/SDL2/1-8/build/CMakeFiles/CMakeTmp/CMakeFiles 1
Building C object CMakeFiles/cmTryCompileExec166580022.dir/testCCompiler.c.o
/usr/bin/clang    -o CMakeFiles/cmTryCompileExec166580022.dir/testCCompiler.c.o   -c /home/jordy/Projetos/Cpp/opengl/3.0+/SDL2/1-8/build/CMakeFiles/CMakeTmp/testCCompiler.c
Linking C executable cmTryCompileExec166580022
/usr/bin/cmake -E cmake_link_script CMakeFiles/cmTryCompileExec166580022.dir/link.txt --verbose=1
/usr/bin/clang       CMakeFiles/cmTryCompileExec166580022.dir/testCCompiler.c.o  -o cmTryCompileExec166580022 -rdynamic 
make[1]: Leaving directory '/home/jordy/Projetos/Cpp/opengl/3.0+/SDL2/1-8/build/CMakeFiles/CMakeTmp'


Detecting C compiler ABI info compiled with the following output:
Change Dir: /home/jordy/Projetos/Cpp/opengl/3.0+/SDL2/1-8/build/CMakeFiles/CMakeTmp

Run Build Command:"/usr/bin/make" "cmTryCompileExec3150769577/fast"
/usr/bin/make -f CMakeFiles/cmTryCompileExec3150769577.dir/build.make CMakeFiles/cmTryCompileExec3150769577.dir/build
make[1]: Entering directory '/home/jordy/Projetos/Cpp/opengl/3.0+/SDL2/1-8/build/CMakeFiles/CMakeTmp'
/usr/bin/cmake -E cmake_progress_report /home/jordy/Projetos/Cpp/opengl/3.0+/SDL2/1-8/build/CMakeFiles/CMakeTmp/CMakeFiles 1
Building C object CMakeFiles/cmTryCompileExec3150769577.dir/CMakeCCompilerABI.c.o
/usr/bin/clang    -o CMakeFiles/cmTryCompileExec3150769577.dir/CMakeCCompilerABI.c.o   -c /usr/share/cmake-3.0/Modules/CMakeCCompilerABI.c
Linking C executable cmTryCompileExec3150769577
/usr/bin/cmake -E cmake_link_script CMakeFiles/cmTryCompileExec3150769577.dir/link.txt --verbose=1
/usr/bin/clang     -v CMakeFiles/cmTryCompileExec3150769577.dir/CMakeCCompilerABI.c.o  -o cmTryCompileExec3150769577 -rdynamic  
clang version 3.5.0 (tags/RELEASE_350/final)
Target: x86_64-unknown-linux-gnu
Thread model: posix
Found candidate GCC installation: /usr/bin/../lib/gcc/x86_64-unknown-linux-gnu/4.9.2
Found candidate GCC installation: /usr/bin/../lib64/gcc/x86_64-unknown-linux-gnu/4.9.2
Found candidate GCC installation: /usr/lib/gcc/x86_64-unknown-linux-gnu/4.9.2
Found candidate GCC installation: /usr/lib64/gcc/x86_64-unknown-linux-gnu/4.9.2
Selected GCC installation: /usr/bin/../lib64/gcc/x86_64-unknown-linux-gnu/4.9.2
Candidate multilib: .;@m64
Selected multilib: .;@m64
 "/usr/bin/ld" -export-dynamic --eh-frame-hdr -m elf_x86_64 -dynamic-linker /lib64/ld-linux-x86-64.so.2 -o cmTryCompileExec3150769577 /usr/bin/../lib64/gcc/x86_64-unknown-linux-gnu/4.9.2/../../../../lib64/crt1.o /usr/bin/../lib64/gcc/x86_64-unknown-linux-gnu/4.9.2/../../../../lib64/crti.o /usr/bin/../lib64/gcc/x86_64-unknown-linux-gnu/4.9.2/crtbegin.o -L/usr/bin/../lib64/gcc/x86_64-unknown-linux-gnu/4.9.2 -L/usr/bin/../lib64/gcc/x86_64-unknown-linux-gnu/4.9.2/../../../../lib64 -L/usr/bin/../lib64 -L/lib/../lib64 -L/usr/lib/../lib64 -L/usr/bin/../lib64/gcc/x86_64-unknown-linux-gnu/4.9.2/../../.. -L/usr/bin/../lib -L/lib -L/usr/lib CMakeFiles/cmTryCompileExec3150769577.dir/CMakeCCompilerABI.c.o -lgcc --as-needed -lgcc_s --no-as-needed -lc -lgcc --as-needed -lgcc_s --no-as-needed /usr/bin/../lib64/gcc/x86_64-unknown-linux-gnu/4.9.2/crtend.o /usr/bin/../lib64/gcc/x86_64-unknown-linux-gnu/4.9.2/../../../../lib64/crtn.o
make[1]: Leaving directory '/home/jordy/Projetos/Cpp/opengl/3.0+/SDL2/1-8/build/CMakeFiles/CMakeTmp'


Parsed C implicit link information from above output:
  link line regex: [^( *|.*[/\])(ld|([^/\]+-)?ld|collect2)[^/\]*( |$)]
  ignore line: [Change Dir: /home/jordy/Projetos/Cpp/opengl/3.0+/SDL2/1-8/build/CMakeFiles/CMakeTmp]
  ignore line: []
  ignore line: [Run Build Command:"/usr/bin/make" "cmTryCompileExec3150769577/fast"]
  ignore line: [/usr/bin/make -f CMakeFiles/cmTryCompileExec3150769577.dir/build.make CMakeFiles/cmTryCompileExec3150769577.dir/build]
  ignore line: [make[1]: Entering directory '/home/jordy/Projetos/Cpp/opengl/3.0+/SDL2/1-8/build/CMakeFiles/CMakeTmp']
  ignore line: [/usr/bin/cmake -E cmake_progress_report /home/jordy/Projetos/Cpp/opengl/3.0+/SDL2/1-8/build/CMakeFiles/CMakeTmp/CMakeFiles 1]
  ignore line: [Building C object CMakeFiles/cmTryCompileExec3150769577.dir/CMakeCCompilerABI.c.o]
  ignore line: [/usr/bin/clang    -o CMakeFiles/cmTryCompileExec3150769577.dir/CMakeCCompilerABI.c.o   -c /usr/share/cmake-3.0/Modules/CMakeCCompilerABI.c]
  ignore line: [Linking C executable cmTryCompileExec3150769577]
  ignore line: [/usr/bin/cmake -E cmake_link_script CMakeFiles/cmTryCompileExec3150769577.dir/link.txt --verbose=1]
  ignore line: [/usr/bin/clang     -v CMakeFiles/cmTryCompileExec3150769577.dir/CMakeCCompilerABI.c.o  -o cmTryCompileExec3150769577 -rdynamic  ]
  ignore line: [clang version 3.5.0 (tags/RELEASE_350/final)]
  ignore line: [Target: x86_64-unknown-linux-gnu]
  ignore line: [Thread model: posix]
  ignore line: [Found candidate GCC installation: /usr/bin/../lib/gcc/x86_64-unknown-linux-gnu/4.9.2]
  ignore line: [Found candidate GCC installation: /usr/bin/../lib64/gcc/x86_64-unknown-linux-gnu/4.9.2]
  ignore line: [Found candidate GCC installation: /usr/lib/gcc/x86_64-unknown-linux-gnu/4.9.2]
  ignore line: [Found candidate GCC installation: /usr/lib64/gcc/x86_64-unknown-linux-gnu/4.9.2]
  ignore line: [Selected GCC installation: /usr/bin/../lib64/gcc/x86_64-unknown-linux-gnu/4.9.2]
  ignore line: [Candidate multilib: .]
  ignore line: [@m64]
  ignore line: [Selected multilib: .]
  ignore line: [@m64]
  link line: [ "/usr/bin/ld" -export-dynamic --eh-frame-hdr -m elf_x86_64 -dynamic-linker /lib64/ld-linux-x86-64.so.2 -o cmTryCompileExec3150769577 /usr/bin/../lib64/gcc/x86_64-unknown-linux-gnu/4.9.2/../../../../lib64/crt1.o /usr/bin/../lib64/gcc/x86_64-unknown-linux-gnu/4.9.2/../../../../lib64/crti.o /usr/bin/../lib64/gcc/x86_64-unknown-linux-gnu/4.9.2/crtbegin.o -L/usr/bin/../lib64/gcc/x86_64-unknown-linux-gnu/4.9.2 -L/usr/bin/../lib64/gcc/x86_64-unknown-linux-gnu/4.9.2/../../../../lib64 -L/usr/bin/../lib64 -L/lib/../lib64 -L/usr/lib/../lib64 -L/usr/bin/../lib64/gcc/x86_64-unknown-linux-gnu/4.9.2/../../.. -L/usr/bin/../lib -L/lib -L/usr/lib CMakeFiles/cmTryCompileExec3150769577.dir/CMakeCCompilerABI.c.o -lgcc --as-needed -lgcc_s --no-as-needed -lc -lgcc --as-needed -lgcc_s --no-as-needed /usr/bin/../lib64/gcc/x86_64-unknown-linux-gnu/4.9.2/crtend.o /usr/bin/../lib64/gcc/x86_64-unknown-linux-gnu/4.9.2/../../../../lib64/crtn.o]
    arg [/usr/bin/ld] ==> ignore
    arg [-export-dynamic] ==> ignore
    arg [--eh-frame-hdr] ==> ignore
    arg [-m] ==> ignore
    arg [elf_x86_64] ==> ignore
    arg [-dynamic-linker] ==> ignore
    arg [/lib64/ld-linux-x86-64.so.2] ==> ignore
    arg [-o] ==> ignore
    arg [cmTryCompileExec3150769577] ==> ignore
    arg [/usr/bin/../lib64/gcc/x86_64-unknown-linux-gnu/4.9.2/../../../../lib64/crt1.o] ==> ignore
    arg [/usr/bin/../lib64/gcc/x86_64-unknown-linux-gnu/4.9.2/../../../../lib64/crti.o] ==> ignore
    arg [/usr/bin/../lib64/gcc/x86_64-unknown-linux-gnu/4.9.2/crtbegin.o] ==> ignore
    arg [-L/usr/bin/../lib64/gcc/x86_64-unknown-linux-gnu/4.9.2] ==> dir [/usr/bin/../lib64/gcc/x86_64-unknown-linux-gnu/4.9.2]
    arg [-L/usr/bin/../lib64/gcc/x86_64-unknown-linux-gnu/4.9.2/../../../../lib64] ==> dir [/usr/bin/../lib64/gcc/x86_64-unknown-linux-gnu/4.9.2/../../../../lib64]
    arg [-L/usr/bin/../lib64] ==> dir [/usr/bin/../lib64]
    arg [-L/lib/../lib64] ==> dir [/lib/../lib64]
    arg [-L/usr/lib/../lib64] ==> dir [/usr/lib/../lib64]
    arg [-L/usr/bin/../lib64/gcc/x86_64-unknown-linux-gnu/4.9.2/../../..] ==> dir [/usr/bin/../lib64/gcc/x86_64-unknown-linux-gnu/4.9.2/../../..]
    arg [-L/usr/bin/../lib] ==> dir [/usr/bin/../lib]
    arg [-L/lib] ==> dir [/lib]
    arg [-L/usr/lib] ==> dir [/usr/lib]
    arg [CMakeFiles/cmTryCompileExec3150769577.dir/CMakeCCompilerABI.c.o] ==> ignore
    arg [-lgcc] ==> lib [gcc]
    arg [--as-needed] ==> ignore
    arg [-lgcc_s] ==> lib [gcc_s]
    arg [--no-as-needed] ==> ignore
    arg [-lc] ==> lib [c]
    arg [-lgcc] ==> lib [gcc]
    arg [--as-needed] ==> ignore
    arg [-lgcc_s] ==> lib [gcc_s]
    arg [--no-as-needed] ==> ignore
    arg [/usr/bin/../lib64/gcc/x86_64-unknown-linux-gnu/4.9.2/crtend.o] ==> ignore
    arg [/usr/bin/../lib64/gcc/x86_64-unknown-linux-gnu/4.9.2/../../../../lib64/crtn.o] ==> ignore
  remove lib [gcc]
  remove lib [gcc_s]
  remove lib [gcc]
  remove lib [gcc_s]
  collapse library dir [/usr/bin/../lib64/gcc/x86_64-unknown-linux-gnu/4.9.2] ==> [/usr/lib64/gcc/x86_64-unknown-linux-gnu/4.9.2]
  collapse library dir [/usr/bin/../lib64/gcc/x86_64-unknown-linux-gnu/4.9.2/../../../../lib64] ==> [/usr/lib64]
  collapse library dir [/usr/bin/../lib64] ==> [/usr/lib64]
  collapse library dir [/lib/../lib64] ==> [/lib64]
  collapse library dir [/usr/lib/../lib64] ==> [/usr/lib64]
  collapse library dir [/usr/bin/../lib64/gcc/x86_64-unknown-linux-gnu/4.9.2/../../..] ==> [/usr/lib64]
  collapse library dir [/usr/bin/../lib] ==> [/usr/lib]
  collapse library dir [/lib] ==> [/lib]
  collapse library dir [/usr/lib] ==> [/usr/lib]
  implicit libs: [c]
  implicit dirs: [/usr/lib64/gcc/x86_64-unknown-linux-gnu/4.9.2;/usr/lib64;/lib64;/usr/lib;/lib]
  implicit fwks: []


Determining if the CXX compiler works passed with the following output:
Change Dir: /home/jordy/Projetos/Cpp/opengl/3.0+/SDL2/1-8/build/CMakeFiles/CMakeTmp

Run Build Command:"/usr/bin/make" "cmTryCompileExec230702558/fast"
/usr/bin/make -f CMakeFiles/cmTryCompileExec230702558.dir/build.make CMakeFiles/cmTryCompileExec230702558.dir/build
make[1]: Entering directory '/home/jordy/Projetos/Cpp/opengl/3.0+/SDL2/1-8/build/CMakeFiles/CMakeTmp'
/usr/bin/cmake -E cmake_progress_report /home/jordy/Projetos/Cpp/opengl/3.0+/SDL2/1-8/build/CMakeFiles/CMakeTmp/CMakeFiles 1
Building CXX object CMakeFiles/cmTryCompileExec230702558.dir/testCXXCompiler.cxx.o
/usr/bin/clang++     -o CMakeFiles/cmTryCompileExec230702558.dir/testCXXCompiler.cxx.o -c /home/jordy/Projetos/Cpp/opengl/3.0+/SDL2/1-8/build/CMakeFiles/CMakeTmp/testCXXCompiler.cxx
Linking CXX executable cmTryCompileExec230702558
/usr/bin/cmake -E cmake_link_script CMakeFiles/cmTryCompileExec230702558.dir/link.txt --verbose=1
/usr/bin/clang++        CMakeFiles/cmTryCompileExec230702558.dir/testCXXCompiler.cxx.o  -o cmTryCompileExec230702558 -rdynamic 
make[1]: Leaving directory '/home/jordy/Projetos/Cpp/opengl/3.0+/SDL2/1-8/build/CMakeFiles/CMakeTmp'


Detecting CXX compiler ABI info compiled with the following output:
Change Dir: /home/jordy/Projetos/Cpp/opengl/3.0+/SDL2/1-8/build/CMakeFiles/CMakeTmp

Run Build Command:"/usr/bin/make" "cmTryCompileExec32854945/fast"
/usr/bin/make -f CMakeFiles/cmTryCompileExec32854945.dir/build.make CMakeFiles/cmTryCompileExec32854945.dir/build
make[1]: Entering directory '/home/jordy/Projetos/Cpp/opengl/3.0+/SDL2/1-8/build/CMakeFiles/CMakeTmp'
/usr/bin/cmake -E cmake_progress_report /home/jordy/Projetos/Cpp/opengl/3.0+/SDL2/1-8/build/CMakeFiles/CMakeTmp/CMakeFiles 1
Building CXX object CMakeFiles/cmTryCompileExec32854945.dir/CMakeCXXCompilerABI.cpp.o
/usr/bin/clang++     -o CMakeFiles/cmTryCompileExec32854945.dir/CMakeCXXCompilerABI.cpp.o -c /usr/share/cmake-3.0/Modules/CMakeCXXCompilerABI.cpp
Linking CXX executable cmTryCompileExec32854945
/usr/bin/cmake -E cmake_link_script CMakeFiles/cmTryCompileExec32854945.dir/link.txt --verbose=1
/usr/bin/clang++      -v CMakeFiles/cmTryCompileExec32854945.dir/CMakeCXXCompilerABI.cpp.o  -o cmTryCompileExec32854945 -rdynamic  
clang version 3.5.0 (tags/RELEASE_350/final)
Target: x86_64-unknown-linux-gnu
Thread model: posix
Found candidate GCC installation: /usr/bin/../lib/gcc/x86_64-unknown-linux-gnu/4.9.2
Found candidate GCC installation: /usr/bin/../lib64/gcc/x86_64-unknown-linux-gnu/4.9.2
Found candidate GCC installation: /usr/lib/gcc/x86_64-unknown-linux-gnu/4.9.2
Found candidate GCC installation: /usr/lib64/gcc/x86_64-unknown-linux-gnu/4.9.2
Selected GCC installation: /usr/bin/../lib64/gcc/x86_64-unknown-linux-gnu/4.9.2
Candidate multilib: .;@m64
Selected multilib: .;@m64
 "/usr/bin/ld" -export-dynamic --eh-frame-hdr -m elf_x86_64 -dynamic-linker /lib64/ld-linux-x86-64.so.2 -o cmTryCompileExec32854945 /usr/bin/../lib64/gcc/x86_64-unknown-linux-gnu/4.9.2/../../../../lib64/crt1.o /usr/bin/../lib64/gcc/x86_64-unknown-linux-gnu/4.9.2/../../../../lib64/crti.o /usr/bin/../lib64/gcc/x86_64-unknown-linux-gnu/4.9.2/crtbegin.o -L/usr/bin/../lib64/gcc/x86_64-unknown-linux-gnu/4.9.2 -L/usr/bin/../lib64/gcc/x86_64-unknown-linux-gnu/4.9.2/../../../../lib64 -L/usr/bin/../lib64 -L/lib/../lib64 -L/usr/lib/../lib64 -L/usr/bin/../lib64/gcc/x86_64-unknown-linux-gnu/4.9.2/../../.. -L/usr/bin/../lib -L/lib -L/usr/lib CMakeFiles/cmTryCompileExec32854945.dir/CMakeCXXCompilerABI.cpp.o -lstdc++ -lm -lgcc_s -lgcc -lc -lgcc_s -lgcc /usr/bin/../lib64/gcc/x86_64-unknown-linux-gnu/4.9.2/crtend.o /usr/bin/../lib64/gcc/x86_64-unknown-linux-gnu/4.9.2/../../../../lib64/crtn.o
make[1]: Leaving directory '/home/jordy/Projetos/Cpp/opengl/3.0+/SDL2/1-8/build/CMakeFiles/CMakeTmp'


Parsed CXX implicit link information from above output:
  link line regex: [^( *|.*[/\])(ld|([^/\]+-)?ld|collect2)[^/\]*( |$)]
  ignore line: [Change Dir: /home/jordy/Projetos/Cpp/opengl/3.0+/SDL2/1-8/build/CMakeFiles/CMakeTmp]
  ignore line: []
  ignore line: [Run Build Command:"/usr/bin/make" "cmTryCompileExec32854945/fast"]
  ignore line: [/usr/bin/make -f CMakeFiles/cmTryCompileExec32854945.dir/build.make CMakeFiles/cmTryCompileExec32854945.dir/build]
  ignore line: [make[1]: Entering directory '/home/jordy/Projetos/Cpp/opengl/3.0+/SDL2/1-8/build/CMakeFiles/CMakeTmp']
  ignore line: [/usr/bin/cmake -E cmake_progress_report /home/jordy/Projetos/Cpp/opengl/3.0+/SDL2/1-8/build/CMakeFiles/CMakeTmp/CMakeFiles 1]
  ignore line: [Building CXX object CMakeFiles/cmTryCompileExec32854945.dir/CMakeCXXCompilerABI.cpp.o]
  ignore line: [/usr/bin/clang++     -o CMakeFiles/cmTryCompileExec32854945.dir/CMakeCXXCompilerABI.cpp.o -c /usr/share/cmake-3.0/Modules/CMakeCXXCompilerABI.cpp]
  ignore line: [Linking CXX executable cmTryCompileExec32854945]
  ignore line: [/usr/bin/cmake -E cmake_link_script CMakeFiles/cmTryCompileExec32854945.dir/link.txt --verbose=1]
  ignore line: [/usr/bin/clang++      -v CMakeFiles/cmTryCompileExec32854945.dir/CMakeCXXCompilerABI.cpp.o  -o cmTryCompileExec32854945 -rdynamic  ]
  ignore line: [clang version 3.5.0 (tags/RELEASE_350/final)]
  ignore line: [Target: x86_64-unknown-linux-gnu]
  ignore line: [Thread model: posix]
  ignore line: [Found candidate GCC installation: /usr/bin/../lib/gcc/x86_64-unknown-linux-gnu/4.9.2]
  ignore line: [Found candidate GCC installation: /usr/bin/../lib64/gcc/x86_64-unknown-linux-gnu/4.9.2]
  ignore line: [Found candidate GCC installation: /usr/lib/gcc/x86_64-unknown-linux-gnu/4.9.2]
  ignore line: [Found candidate GCC installation: /usr/lib64/gcc/x86_64-unknown-linux-gnu/4.9.2]
  ignore line: [Selected GCC installation: /usr/bin/../lib64/gcc/x86_64-unknown-linux-gnu/4.9.2]
  ignore line: [Candidate multilib: .]
  ignore line: [@m64]
  ignore line: [Selected multilib: .]
  ignore line: [@m64]
  link line: [ "/usr/bin/ld" -export-dynamic --eh-frame-hdr -m elf_x86_64 -dynamic-linker /lib64/ld-linux-x86-64.so.2 -o cmTryCompileExec32854945 /usr/bin/../lib64/gcc/x86_64-unknown-linux-gnu/4.9.2/../../../../lib64/crt1.o /usr/bin/../lib64/gcc/x86_64-unknown-linux-gnu/4.9.2/../../../../lib64/crti.o /usr/bin/../lib64/gcc/x86_64-unknown-linux-gnu/4.9.2/crtbegin.o -L/usr/bin/../lib64/gcc/x86_64-unknown-linux-gnu/4.9.2 -L/usr/bin/../lib64/gcc/x86_64-unknown-linux-gnu/4.9.2/../../../../lib64 -L/usr/bin/../lib64 -L/lib/../lib64 -L/usr/lib/../lib64 -L/usr/bin/../lib64/gcc/x86_64-unknown-linux-gnu/4.9.2/../../.. -L/usr/bin/../lib -L/lib -L/usr/lib CMakeFiles/cmTryCompileExec32854945.dir/CMakeCXXCompilerABI.cpp.o -lstdc++ -lm -lgcc_s -lgcc -lc -lgcc_s -lgcc /usr/bin/../lib64/gcc/x86_64-unknown-linux-gnu/4.9.2/crtend.o /usr/bin/../lib64/gcc/x86_64-unknown-linux-gnu/4.9.2/../../../../lib64/crtn.o]
    arg [/usr/bin/ld] ==> ignore
    arg [-export-dynamic] ==> ignore
    arg [--eh-frame-hdr] ==> ignore
    arg [-m] ==> ignore
    arg [elf_x86_64] ==> ignore
    arg [-dynamic-linker] ==> ignore
    arg [/lib64/ld-linux-x86-64.so.2] ==> ignore
    arg [-o] ==> ignore
    arg [cmTryCompileExec32854945] ==> ignore
    arg [/usr/bin/../lib64/gcc/x86_64-unknown-linux-gnu/4.9.2/../../../../lib64/crt1.o] ==> ignore
    arg [/usr/bin/../lib64/gcc/x86_64-unknown-linux-gnu/4.9.2/../../../../lib64/crti.o] ==> ignore
    arg [/usr/bin/../lib64/gcc/x86_64-unknown-linux-gnu/4.9.2/crtbegin.o] ==> ignore
    arg [-L/usr/bin/../lib64/gcc/x86_64-unknown-linux-gnu/4.9.2] ==> dir [/usr/bin/../lib64/gcc/x86_64-unknown-linux-gnu/4.9.2]
    arg [-L/usr/bin/../lib64/gcc/x86_64-unknown-linux-gnu/4.9.2/../../../../lib64] ==> dir [/usr/bin/../lib64/gcc/x86_64-unknown-linux-gnu/4.9.2/../../../../lib64]
    arg [-L/usr/bin/../lib64] ==> dir [/usr/bin/../lib64]
    arg [-L/lib/../lib64] ==> dir [/lib/../lib64]
    arg [-L/usr/lib/../lib64] ==> dir [/usr/lib/../lib64]
    arg [-L/usr/bin/../lib64/gcc/x86_64-unknown-linux-gnu/4.9.2/../../..] ==> dir [/usr/bin/../lib64/gcc/x86_64-unknown-linux-gnu/4.9.2/../../..]
    arg [-L/usr/bin/../lib] ==> dir [/usr/bin/../lib]
    arg [-L/lib] ==> dir [/lib]
    arg [-L/usr/lib] ==> dir [/usr/lib]
    arg [CMakeFiles/cmTryCompileExec32854945.dir/CMakeCXXCompilerABI.cpp.o] ==> ignore
    arg [-lstdc++] ==> lib [stdc++]
    arg [-lm] ==> lib [m]
    arg [-lgcc_s] ==> lib [gcc_s]
    arg [-lgcc] ==> lib [gcc]
    arg [-lc] ==> lib [c]
    arg [-lgcc_s] ==> lib [gcc_s]
    arg [-lgcc] ==> lib [gcc]
    arg [/usr/bin/../lib64/gcc/x86_64-unknown-linux-gnu/4.9.2/crtend.o] ==> ignore
    arg [/usr/bin/../lib64/gcc/x86_64-unknown-linux-gnu/4.9.2/../../../../lib64/crtn.o] ==> ignore
  remove lib [gcc_s]
  remove lib [gcc]
  remove lib [gcc_s]
  remove lib [gcc]
  collapse library dir [/usr/bin/../lib64/gcc/x86_64-unknown-linux-gnu/4.9.2] ==> [/usr/lib64/gcc/x86_64-unknown-linux-gnu/4.9.2]
  collapse library dir [/usr/bin/../lib64/gcc/x86_64-unknown-linux-gnu/4.9.2/../../../../lib64] ==> [/usr/lib64]
  collapse library dir [/usr/bin/../lib64] ==> [/usr/lib64]
  collapse library dir [/lib/../lib64] ==> [/lib64]
  collapse library dir [/usr/lib/../lib64] ==> [/usr/lib64]
  collapse library dir [/usr/bin/../lib64/gcc/x86_64-unknown-linux-gnu/4.9.2/../../..] ==> [/usr/lib64]
  collapse library dir [/usr/bin/../lib] ==> [/usr/lib]
  collapse library dir [/lib] ==> [/lib]
  collapse library dir [/usr/lib] ==> [/usr/lib]
  implicit libs: [stdc++;m;c]
  implicit dirs: [/usr/lib64/gcc/x86_64-unknown-linux-gnu/4.9.2;/usr/lib64;/lib64;/usr/lib;/lib]
  implicit fwks: []


Determining if the function XOpenDisplay exists in the /usr/lib64/libX11.so;/usr/lib64/libXext.so passed with the following output:
Change Dir: /home/jordy/Projetos/Cpp/opengl/3.0+/SDL2/1-8/build/CMakeFiles/CMakeTmp

Run Build Command:"/usr/bin/make" "cmTryCompileExec3007176053/fast"
/usr/bin/make -f CMakeFiles/cmTryCompileExec3007176053.dir/build.make CMakeFiles/cmTryCompileExec3007176053.dir/build
make[1]: Entering directory '/home/jordy/Projetos/Cpp/opengl/3.0+/SDL2/1-8/build/CMakeFiles/CMakeTmp'
/usr/bin/cmake -E cmake_progress_report /home/jordy/Projetos/Cpp/opengl/3.0+/SDL2/1-8/build/CMakeFiles/CMakeTmp/CMakeFiles 1
Building C object CMakeFiles/cmTryCompileExec3007176053.dir/CheckFunctionExists.c.o
/usr/bin/clang   -DCHECK_FUNCTION_EXISTS=XOpenDisplay   -o CMakeFiles/cmTryCompileExec3007176053.dir/CheckFunctionExists.c.o   -c /usr/share/cmake-3.0/Modules/CheckFunctionExists.c
Linking C executable cmTryCompileExec3007176053
/usr/bin/cmake -E cmake_link_script CMakeFiles/cmTryCompileExec3007176053.dir/link.txt --verbose=1
/usr/bin/clang   -DCHECK_FUNCTION_EXISTS=XOpenDisplay    CMakeFiles/cmTryCompileExec3007176053.dir/CheckFunctionExists.c.o  -o cmTryCompileExec3007176053 -rdynamic -lX11 -lXext 
make[1]: Leaving directory '/home/jordy/Projetos/Cpp/opengl/3.0+/SDL2/1-8/build/CMakeFiles/CMakeTmp'


Determining if the function gethostbyname exists passed with the following output:
Change Dir: /home/jordy/Projetos/Cpp/opengl/3.0+/SDL2/1-8/build/CMakeFiles/CMakeTmp

Run Build Command:"/usr/bin/make" "cmTryCompileExec1138368254/fast"
/usr/bin/make -f CMakeFiles/cmTryCompileExec1138368254.dir/build.make CMakeFiles/cmTryCompileExec1138368254.dir/build
make[1]: Entering directory '/home/jordy/Projetos/Cpp/opengl/3.0+/SDL2/1-8/build/CMakeFiles/CMakeTmp'
/usr/bin/cmake -E cmake_progress_report /home/jordy/Projetos/Cpp/opengl/3.0+/SDL2/1-8/build/CMakeFiles/CMakeTmp/CMakeFiles 1
Building C object CMakeFiles/cmTryCompileExec1138368254.dir/CheckFunctionExists.c.o
/usr/bin/clang   -DCHECK_FUNCTION_EXISTS=gethostbyname   -o CMakeFiles/cmTryCompileExec1138368254.dir/CheckFunctionExists.c.o   -c /usr/share/cmake-3.0/Modules/CheckFunctionExists.c
Linking C executable cmTryCompileExec1138368254
/usr/bin/cmake -E cmake_link_script CMakeFiles/cmTryCompileExec1138368254.dir/link.txt --verbose=1
/usr/bin/clang   -DCHECK_FUNCTION_EXISTS=gethostbyname    CMakeFiles/cmTryCompileExec1138368254.dir/CheckFunctionExists.c.o  -o cmTryCompileExec1138368254 -rdynamic 
make[1]: Leaving directory '/home/jordy/Projetos/Cpp/opengl/3.0+/SDL2/1-8/build/CMakeFiles/CMakeTmp'


Determining if the function connect exists passed with the following output:
Change Dir: /home/jordy/Projetos/Cpp/opengl/3.0+/SDL2/1-8/build/CMakeFiles/CMakeTmp

Run Build Command:"/usr/bin/make" "cmTryCompileExec3915510455/fast"
/usr/bin/make -f CMakeFiles/cmTryCompileExec3915510455.dir/build.make CMakeFiles/cmTryCompileExec3915510455.dir/build
make[1]: Entering directory '/home/jordy/Projetos/Cpp/opengl/3.0+/SDL2/1-8/build/CMakeFiles/CMakeTmp'
/usr/bin/cmake -E cmake_progress_report /home/jordy/Projetos/Cpp/opengl/3.0+/SDL2/1-8/build/CMakeFiles/CMakeTmp/CMakeFiles 1
Building C object CMakeFiles/cmTryCompileExec3915510455.dir/CheckFunctionExists.c.o
/usr/bin/clang   -DCHECK_FUNCTION_EXISTS=connect   -o CMakeFiles/cmTryCompileExec3915510455.dir/CheckFunctionExists.c.o   -c /usr/share/cmake-3.0/Modules/CheckFunctionExists.c
Linking C executable cmTryCompileExec3915510455
/usr/bin/cmake -E cmake_link_script CMakeFiles/cmTryCompileExec3915510455.dir/link.txt --verbose=1
/usr/bin/clang   -DCHECK_FUNCTION_EXISTS=connect    CMakeFiles/cmTryCompileExec3915510455.dir/CheckFunctionExists.c.o  -o cmTryCompileExec3915510455 -rdynamic 
make[1]: Leaving directory '/home/jordy/Projetos/Cpp/opengl/3.0+/SDL2/1-8/build/CMakeFiles/CMakeTmp'


Determining if the function remove exists passed with the following output:
Change Dir: /home/jordy/Projetos/Cpp/opengl/3.0+/SDL2/1-8/build/CMakeFiles/CMakeTmp

Run Build Command:"/usr/bin/make" "cmTryCompileExec375291059/fast"
/usr/bin/make -f CMakeFiles/cmTryCompileExec375291059.dir/build.make CMakeFiles/cmTryCompileExec375291059.dir/build
make[1]: Entering directory '/home/jordy/Projetos/Cpp/opengl/3.0+/SDL2/1-8/build/CMakeFiles/CMakeTmp'
/usr/bin/cmake -E cmake_progress_report /home/jordy/Projetos/Cpp/opengl/3.0+/SDL2/1-8/build/CMakeFiles/CMakeTmp/CMakeFiles 1
Building C object CMakeFiles/cmTryCompileExec375291059.dir/CheckFunctionExists.c.o
/usr/bin/clang   -DCHECK_FUNCTION_EXISTS=remove   -o CMakeFiles/cmTryCompileExec375291059.dir/CheckFunctionExists.c.o   -c /usr/share/cmake-3.0/Modules/CheckFunctionExists.c
Linking C executable cmTryCompileExec375291059
/usr/bin/cmake -E cmake_link_script CMakeFiles/cmTryCompileExec375291059.dir/link.txt --verbose=1
/usr/bin/clang   -DCHECK_FUNCTION_EXISTS=remove    CMakeFiles/cmTryCompileExec375291059.dir/CheckFunctionExists.c.o  -o cmTryCompileExec375291059 -rdynamic 
make[1]: Leaving directory '/home/jordy/Projetos/Cpp/opengl/3.0+/SDL2/1-8/build/CMakeFiles/CMakeTmp'


Determining if the function shmat exists passed with the following output:
Change Dir: /home/jordy/Projetos/Cpp/opengl/3.0+/SDL2/1-8/build/CMakeFiles/CMakeTmp

Run Build Command:"/usr/bin/make" "cmTryCompileExec3134889928/fast"
/usr/bin/make -f CMakeFiles/cmTryCompileExec3134889928.dir/build.make CMakeFiles/cmTryCompileExec3134889928.dir/build
make[1]: Entering directory '/home/jordy/Projetos/Cpp/opengl/3.0+/SDL2/1-8/build/CMakeFiles/CMakeTmp'
/usr/bin/cmake -E cmake_progress_report /home/jordy/Projetos/Cpp/opengl/3.0+/SDL2/1-8/build/CMakeFiles/CMakeTmp/CMakeFiles 1
Building C object CMakeFiles/cmTryCompileExec3134889928.dir/CheckFunctionExists.c.o
/usr/bin/clang   -DCHECK_FUNCTION_EXISTS=shmat   -o CMakeFiles/cmTryCompileExec3134889928.dir/CheckFunctionExists.c.o   -c /usr/share/cmake-3.0/Modules/CheckFunctionExists.c
Linking C executable cmTryCompileExec3134889928
/usr/bin/cmake -E cmake_link_script CMakeFiles/cmTryCompileExec3134889928.dir/link.txt --verbose=1
/usr/bin/clang   -DCHECK_FUNCTION_EXISTS=shmat    CMakeFiles/cmTryCompileExec3134889928.dir/CheckFunctionExists.c.o  -o cmTryCompileExec3134889928 -rdynamic 
make[1]: Leaving directory '/home/jordy/Projetos/Cpp/opengl/3.0+/SDL2/1-8/build/CMakeFiles/CMakeTmp'


Determining if the function IceConnectionNumber exists in the ICE passed with the following output:
Change Dir: /home/jordy/Projetos/Cpp/opengl/3.0+/SDL2/1-8/build/CMakeFiles/CMakeTmp

Run Build Command:"/usr/bin/make" "cmTryCompileExec2697833774/fast"
/usr/bin/make -f CMakeFiles/cmTryCompileExec2697833774.dir/build.make CMakeFiles/cmTryCompileExec2697833774.dir/build
make[1]: Entering directory '/home/jordy/Projetos/Cpp/opengl/3.0+/SDL2/1-8/build/CMakeFiles/CMakeTmp'
/usr/bin/cmake -E cmake_progress_report /home/jordy/Projetos/Cpp/opengl/3.0+/SDL2/1-8/build/CMakeFiles/CMakeTmp/CMakeFiles 1
Building C object CMakeFiles/cmTryCompileExec2697833774.dir/CheckFunctionExists.c.o
/usr/bin/clang   -DCHECK_FUNCTION_EXISTS=IceConnectionNumber   -o CMakeFiles/cmTryCompileExec2697833774.dir/CheckFunctionExists.c.o   -c /usr/share/cmake-3.0/Modules/CheckFunctionExists.c
Linking C executable cmTryCompileExec2697833774
/usr/bin/cmake -E cmake_link_script CMakeFiles/cmTryCompileExec2697833774.dir/link.txt --verbose=1
/usr/bin/clang   -DCHECK_FUNCTION_EXISTS=IceConnectionNumber    CMakeFiles/cmTryCompileExec2697833774.dir/CheckFunctionExists.c.o  -o cmTryCompileExec2697833774 -rdynamic -lICE 
make[1]: Leaving directory '/home/jordy/Projetos/Cpp/opengl/3.0+/SDL2/1-8/build/CMakeFiles/CMakeTmp'


Determining if files pthread.h exist passed with the following output:
Change Dir: /home/jordy/Projetos/Cpp/opengl/3.0+/SDL2/1-8/build/CMakeFiles/CMakeTmp

Run Build Command:"/usr/bin/make" "cmTryCompileExec2833153825/fast"
/usr/bin/make -f CMakeFiles/cmTryCompileExec2833153825.dir/build.make CMakeFiles/cmTryCompileExec2833153825.dir/build
make[1]: Entering directory '/home/jordy/Projetos/Cpp/opengl/3.0+/SDL2/1-8/build/CMakeFiles/CMakeTmp'
/usr/bin/cmake -E cmake_progress_report /home/jordy/Projetos/Cpp/opengl/3.0+/SDL2/1-8/build/CMakeFiles/CMakeTmp/CMakeFiles 1
Building C object CMakeFiles/cmTryCompileExec2833153825.dir/CheckIncludeFiles.c.o
/usr/bin/clang    -o CMakeFiles/cmTryCompileExec2833153825.dir/CheckIncludeFiles.c.o   -c /home/jordy/Projetos/Cpp/opengl/3.0+/SDL2/1-8/build/CMakeFiles/CMakeTmp/CheckIncludeFiles.c
Linking C executable cmTryCompileExec2833153825
/usr/bin/cmake -E cmake_link_script CMakeFiles/cmTryCompileExec2833153825.dir/link.txt --verbose=1
/usr/bin/clang       CMakeFiles/cmTryCompileExec2833153825.dir/CheckIncludeFiles.c.o  -o cmTryCompileExec2833153825 -rdynamic 
make[1]: Leaving directory '/home/jordy/Projetos/Cpp/opengl/3.0+/SDL2/1-8/build/CMakeFiles/CMakeTmp'


Determining if the function pthread_create exists in the pthread passed with the following output:
Change Dir: /home/jordy/Projetos/Cpp/opengl/3.0+/SDL2/1-8/build/CMakeFiles/CMakeTmp

Run Build Command:"/usr/bin/make" "cmTryCompileExec4042686727/fast"
/usr/bin/make -f CMakeFiles/cmTryCompileExec4042686727.dir/build.make CMakeFiles/cmTryCompileExec4042686727.dir/build
make[1]: Entering directory '/home/jordy/Projetos/Cpp/opengl/3.0+/SDL2/1-8/build/CMakeFiles/CMakeTmp'
/usr/bin/cmake -E cmake_progress_report /home/jordy/Projetos/Cpp/opengl/3.0+/SDL2/1-8/build/CMakeFiles/CMakeTmp/CMakeFiles 1
Building C object CMakeFiles/cmTryCompileExec4042686727.dir/CheckFunctionExists.c.o
/usr/bin/clang   -DCHECK_FUNCTION_EXISTS=pthread_create   -o CMakeFiles/cmTryCompileExec4042686727.dir/CheckFunctionExists.c.o   -c /usr/share/cmake-3.0/Modules/CheckFunctionExists.c
Linking C executable cmTryCompileExec4042686727
/usr/bin/cmake -E cmake_link_script CMakeFiles/cmTryCompileExec4042686727.dir/link.txt --verbose=1
/usr/bin/clang   -DCHECK_FUNCTION_EXISTS=pthread_create    CMakeFiles/cmTryCompileExec4042686727.dir/CheckFunctionExists.c.o  -o cmTryCompileExec4042686727 -rdynamic -lpthread 
make[1]: Leaving directory '/home/jordy/Projetos/Cpp/opengl/3.0+/SDL2/1-8/build/CMakeFiles/CMakeTmp'


