Determining if the pthread_create exist failed with the following output:
Change Dir: /home/jordy/Projetos/Cpp/opengl/3.0+/SDL2/1-9/build/CMakeFiles/CMakeTmp

Run Build Command:"/usr/bin/make" "cmTryCompileExec1066412076/fast"
/usr/bin/make -f CMakeFiles/cmTryCompileExec1066412076.dir/build.make CMakeFiles/cmTryCompileExec1066412076.dir/build
make[1]: Entering directory '/home/jordy/Projetos/Cpp/opengl/3.0+/SDL2/1-9/build/CMakeFiles/CMakeTmp'
/usr/bin/cmake -E cmake_progress_report /home/jordy/Projetos/Cpp/opengl/3.0+/SDL2/1-9/build/CMakeFiles/CMakeTmp/CMakeFiles 1
Building C object CMakeFiles/cmTryCompileExec1066412076.dir/CheckSymbolExists.c.o
/usr/bin/clang    -o CMakeFiles/cmTryCompileExec1066412076.dir/CheckSymbolExists.c.o   -c /home/jordy/Projetos/Cpp/opengl/3.0+/SDL2/1-9/build/CMakeFiles/CMakeTmp/CheckSymbolExists.c
Linking C executable cmTryCompileExec1066412076
/usr/bin/cmake -E cmake_link_script CMakeFiles/cmTryCompileExec1066412076.dir/link.txt --verbose=1
/usr/bin/clang       CMakeFiles/cmTryCompileExec1066412076.dir/CheckSymbolExists.c.o  -o cmTryCompileExec1066412076 -rdynamic 
CMakeFiles/cmTryCompileExec1066412076.dir/CheckSymbolExists.c.o: In function `main':
/home/jordy/Projetos/Cpp/opengl/3.0+/SDL2/1-9/build/CMakeFiles/CMakeTmp/CheckSymbolExists.c:(.text+0x19): undefined reference to `pthread_create'
clang: error: linker command failed with exit code 1 (use -v to see invocation)
CMakeFiles/cmTryCompileExec1066412076.dir/build.make:88: recipe for target 'cmTryCompileExec1066412076' failed
make[1]: *** [cmTryCompileExec1066412076] Error 1
make[1]: Leaving directory '/home/jordy/Projetos/Cpp/opengl/3.0+/SDL2/1-9/build/CMakeFiles/CMakeTmp'
Makefile:118: recipe for target 'cmTryCompileExec1066412076/fast' failed
make: *** [cmTryCompileExec1066412076/fast] Error 2

File /home/jordy/Projetos/Cpp/opengl/3.0+/SDL2/1-9/build/CMakeFiles/CMakeTmp/CheckSymbolExists.c:
/* */
#include <pthread.h>

int main(int argc, char** argv)
{
  (void)argv;
#ifndef pthread_create
  return ((int*)(&pthread_create))[argc];
#else
  (void)argc;
  return 0;
#endif
}

Determining if the function pthread_create exists in the pthreads failed with the following output:
Change Dir: /home/jordy/Projetos/Cpp/opengl/3.0+/SDL2/1-9/build/CMakeFiles/CMakeTmp

Run Build Command:"/usr/bin/make" "cmTryCompileExec3936949780/fast"
/usr/bin/make -f CMakeFiles/cmTryCompileExec3936949780.dir/build.make CMakeFiles/cmTryCompileExec3936949780.dir/build
make[1]: Entering directory '/home/jordy/Projetos/Cpp/opengl/3.0+/SDL2/1-9/build/CMakeFiles/CMakeTmp'
/usr/bin/cmake -E cmake_progress_report /home/jordy/Projetos/Cpp/opengl/3.0+/SDL2/1-9/build/CMakeFiles/CMakeTmp/CMakeFiles 1
Building C object CMakeFiles/cmTryCompileExec3936949780.dir/CheckFunctionExists.c.o
/usr/bin/clang   -DCHECK_FUNCTION_EXISTS=pthread_create   -o CMakeFiles/cmTryCompileExec3936949780.dir/CheckFunctionExists.c.o   -c /usr/share/cmake-3.0/Modules/CheckFunctionExists.c
Linking C executable cmTryCompileExec3936949780
/usr/bin/cmake -E cmake_link_script CMakeFiles/cmTryCompileExec3936949780.dir/link.txt --verbose=1
/usr/bin/clang   -DCHECK_FUNCTION_EXISTS=pthread_create    CMakeFiles/cmTryCompileExec3936949780.dir/CheckFunctionExists.c.o  -o cmTryCompileExec3936949780 -rdynamic -lpthreads 
/usr/bin/ld: cannot find -lpthreads
clang: error: linker command failed with exit code 1 (use -v to see invocation)
CMakeFiles/cmTryCompileExec3936949780.dir/build.make:88: recipe for target 'cmTryCompileExec3936949780' failed
make[1]: *** [cmTryCompileExec3936949780] Error 1
make[1]: Leaving directory '/home/jordy/Projetos/Cpp/opengl/3.0+/SDL2/1-9/build/CMakeFiles/CMakeTmp'
Makefile:118: recipe for target 'cmTryCompileExec3936949780/fast' failed
make: *** [cmTryCompileExec3936949780/fast] Error 2


