The system is: Linux - 3.17.3-1-ARCH - x86_64
Compiling the C compiler identification source file "CMakeCCompilerId.c" succeeded.
Compiler: /usr/bin/clang 
Build flags: 
Id flags: 

The output was:
0


Compilation of the C compiler identification source "CMakeCCompilerId.c" produced "a.out"

The C compiler identification is Clang, found in "/home/jordy/Projetos/Cpp/opengl/3.0+/SDL2/1-6/build/CMakeFiles/3.0.2/CompilerIdC/a.out"

Compiling the CXX compiler identification source file "CMakeCXXCompilerId.cpp" succeeded.
Compiler: /usr/bin/clang++ 
Build flags: 
Id flags: 

The output was:
0


Compilation of the CXX compiler identification source "CMakeCXXCompilerId.cpp" produced "a.out"

The CXX compiler identification is Clang, found in "/home/jordy/Projetos/Cpp/opengl/3.0+/SDL2/1-6/build/CMakeFiles/3.0.2/CompilerIdCXX/a.out"

Determining if the C compiler works passed with the following output:
Change Dir: /home/jordy/Projetos/Cpp/opengl/3.0+/SDL2/1-6/build/CMakeFiles/CMakeTmp

Run Build Command:"/usr/bin/make" "cmTryCompileExec1306671219/fast"
/usr/bin/make -f CMakeFiles/cmTryCompileExec1306671219.dir/build.make CMakeFiles/cmTryCompileExec1306671219.dir/build
make[1]: Entering directory '/home/jordy/Projetos/Cpp/opengl/3.0+/SDL2/1-6/build/CMakeFiles/CMakeTmp'
/usr/bin/cmake -E cmake_progress_report /home/jordy/Projetos/Cpp/opengl/3.0+/SDL2/1-6/build/CMakeFiles/CMakeTmp/CMakeFiles 1
Building C object CMakeFiles/cmTryCompileExec1306671219.dir/testCCompiler.c.o
/usr/bin/clang    -o CMakeFiles/cmTryCompileExec1306671219.dir/testCCompiler.c.o   -c /home/jordy/Projetos/Cpp/opengl/3.0+/SDL2/1-6/build/CMakeFiles/CMakeTmp/testCCompiler.c
Linking C executable cmTryCompileExec1306671219
/usr/bin/cmake -E cmake_link_script CMakeFiles/cmTryCompileExec1306671219.dir/link.txt --verbose=1
/usr/bin/clang       CMakeFiles/cmTryCompileExec1306671219.dir/testCCompiler.c.o  -o cmTryCompileExec1306671219 -rdynamic 
make[1]: Leaving directory '/home/jordy/Projetos/Cpp/opengl/3.0+/SDL2/1-6/build/CMakeFiles/CMakeTmp'


Detecting C compiler ABI info compiled with the following output:
Change Dir: /home/jordy/Projetos/Cpp/opengl/3.0+/SDL2/1-6/build/CMakeFiles/CMakeTmp

Run Build Command:"/usr/bin/make" "cmTryCompileExec3151310279/fast"
/usr/bin/make -f CMakeFiles/cmTryCompileExec3151310279.dir/build.make CMakeFiles/cmTryCompileExec3151310279.dir/build
make[1]: Entering directory '/home/jordy/Projetos/Cpp/opengl/3.0+/SDL2/1-6/build/CMakeFiles/CMakeTmp'
/usr/bin/cmake -E cmake_progress_report /home/jordy/Projetos/Cpp/opengl/3.0+/SDL2/1-6/build/CMakeFiles/CMakeTmp/CMakeFiles 1
Building C object CMakeFiles/cmTryCompileExec3151310279.dir/CMakeCCompilerABI.c.o
/usr/bin/clang    -o CMakeFiles/cmTryCompileExec3151310279.dir/CMakeCCompilerABI.c.o   -c /usr/share/cmake-3.0/Modules/CMakeCCompilerABI.c
Linking C executable cmTryCompileExec3151310279
/usr/bin/cmake -E cmake_link_script CMakeFiles/cmTryCompileExec3151310279.dir/link.txt --verbose=1
/usr/bin/clang     -v CMakeFiles/cmTryCompileExec3151310279.dir/CMakeCCompilerABI.c.o  -o cmTryCompileExec3151310279 -rdynamic  
clang version 3.5.0 (tags/RELEASE_350/final)
Target: x86_64-unknown-linux-gnu
Thread model: posix
Found candidate GCC installation: /usr/bin/../lib/gcc/x86_64-unknown-linux-gnu/4.9.2
Found candidate GCC installation: /usr/bin/../lib64/gcc/x86_64-unknown-linux-gnu/4.9.2
Found candidate GCC installation: /usr/lib/gcc/x86_64-unknown-linux-gnu/4.9.2
Found candidate GCC installation: /usr/lib64/gcc/x86_64-unknown-linux-gnu/4.9.2
Selected GCC installation: /usr/bin/../lib64/gcc/x86_64-unknown-linux-gnu/4.9.2
Candidate multilib: .;@m64
Selected multilib: .;@m64
 "/usr/bin/ld" -export-dynamic --eh-frame-hdr -m elf_x86_64 -dynamic-linker /lib64/ld-linux-x86-64.so.2 -o cmTryCompileExec3151310279 /usr/bin/../lib64/gcc/x86_64-unknown-linux-gnu/4.9.2/../../../../lib64/crt1.o /usr/bin/../lib64/gcc/x86_64-unknown-linux-gnu/4.9.2/../../../../lib64/crti.o /usr/bin/../lib64/gcc/x86_64-unknown-linux-gnu/4.9.2/crtbegin.o -L/usr/bin/../lib64/gcc/x86_64-unknown-linux-gnu/4.9.2 -L/usr/bin/../lib64/gcc/x86_64-unknown-linux-gnu/4.9.2/../../../../lib64 -L/usr/bin/../lib64 -L/lib/../lib64 -L/usr/lib/../lib64 -L/usr/bin/../lib64/gcc/x86_64-unknown-linux-gnu/4.9.2/../../.. -L/usr/bin/../lib -L/lib -L/usr/lib CMakeFiles/cmTryCompileExec3151310279.dir/CMakeCCompilerABI.c.o -lgcc --as-needed -lgcc_s --no-as-needed -lc -lgcc --as-needed -lgcc_s --no-as-needed /usr/bin/../lib64/gcc/x86_64-unknown-linux-gnu/4.9.2/crtend.o /usr/bin/../lib64/gcc/x86_64-unknown-linux-gnu/4.9.2/../../../../lib64/crtn.o
make[1]: Leaving directory '/home/jordy/Projetos/Cpp/opengl/3.0+/SDL2/1-6/build/CMakeFiles/CMakeTmp'


Parsed C implicit link information from above output:
  link line regex: [^( *|.*[/\])(ld|([^/\]+-)?ld|collect2)[^/\]*( |$)]
  ignore line: [Change Dir: /home/jordy/Projetos/Cpp/opengl/3.0+/SDL2/1-6/build/CMakeFiles/CMakeTmp]
  ignore line: []
  ignore line: [Run Build Command:"/usr/bin/make" "cmTryCompileExec3151310279/fast"]
  ignore line: [/usr/bin/make -f CMakeFiles/cmTryCompileExec3151310279.dir/build.make CMakeFiles/cmTryCompileExec3151310279.dir/build]
  ignore line: [make[1]: Entering directory '/home/jordy/Projetos/Cpp/opengl/3.0+/SDL2/1-6/build/CMakeFiles/CMakeTmp']
  ignore line: [/usr/bin/cmake -E cmake_progress_report /home/jordy/Projetos/Cpp/opengl/3.0+/SDL2/1-6/build/CMakeFiles/CMakeTmp/CMakeFiles 1]
  ignore line: [Building C object CMakeFiles/cmTryCompileExec3151310279.dir/CMakeCCompilerABI.c.o]
  ignore line: [/usr/bin/clang    -o CMakeFiles/cmTryCompileExec3151310279.dir/CMakeCCompilerABI.c.o   -c /usr/share/cmake-3.0/Modules/CMakeCCompilerABI.c]
  ignore line: [Linking C executable cmTryCompileExec3151310279]
  ignore line: [/usr/bin/cmake -E cmake_link_script CMakeFiles/cmTryCompileExec3151310279.dir/link.txt --verbose=1]
  ignore line: [/usr/bin/clang     -v CMakeFiles/cmTryCompileExec3151310279.dir/CMakeCCompilerABI.c.o  -o cmTryCompileExec3151310279 -rdynamic  ]
  ignore line: [clang version 3.5.0 (tags/RELEASE_350/final)]
  ignore line: [Target: x86_64-unknown-linux-gnu]
  ignore line: [Thread model: posix]
  ignore line: [Found candidate GCC installation: /usr/bin/../lib/gcc/x86_64-unknown-linux-gnu/4.9.2]
  ignore line: [Found candidate GCC installation: /usr/bin/../lib64/gcc/x86_64-unknown-linux-gnu/4.9.2]
  ignore line: [Found candidate GCC installation: /usr/lib/gcc/x86_64-unknown-linux-gnu/4.9.2]
  ignore line: [Found candidate GCC installation: /usr/lib64/gcc/x86_64-unknown-linux-gnu/4.9.2]
  ignore line: [Selected GCC installation: /usr/bin/../lib64/gcc/x86_64-unknown-linux-gnu/4.9.2]
  ignore line: [Candidate multilib: .]
  ignore line: [@m64]
  ignore line: [Selected multilib: .]
  ignore line: [@m64]
  link line: [ "/usr/bin/ld" -export-dynamic --eh-frame-hdr -m elf_x86_64 -dynamic-linker /lib64/ld-linux-x86-64.so.2 -o cmTryCompileExec3151310279 /usr/bin/../lib64/gcc/x86_64-unknown-linux-gnu/4.9.2/../../../../lib64/crt1.o /usr/bin/../lib64/gcc/x86_64-unknown-linux-gnu/4.9.2/../../../../lib64/crti.o /usr/bin/../lib64/gcc/x86_64-unknown-linux-gnu/4.9.2/crtbegin.o -L/usr/bin/../lib64/gcc/x86_64-unknown-linux-gnu/4.9.2 -L/usr/bin/../lib64/gcc/x86_64-unknown-linux-gnu/4.9.2/../../../../lib64 -L/usr/bin/../lib64 -L/lib/../lib64 -L/usr/lib/../lib64 -L/usr/bin/../lib64/gcc/x86_64-unknown-linux-gnu/4.9.2/../../.. -L/usr/bin/../lib -L/lib -L/usr/lib CMakeFiles/cmTryCompileExec3151310279.dir/CMakeCCompilerABI.c.o -lgcc --as-needed -lgcc_s --no-as-needed -lc -lgcc --as-needed -lgcc_s --no-as-needed /usr/bin/../lib64/gcc/x86_64-unknown-linux-gnu/4.9.2/crtend.o /usr/bin/../lib64/gcc/x86_64-unknown-linux-gnu/4.9.2/../../../../lib64/crtn.o]
    arg [/usr/bin/ld] ==> ignore
    arg [-export-dynamic] ==> ignore
    arg [--eh-frame-hdr] ==> ignore
    arg [-m] ==> ignore
    arg [elf_x86_64] ==> ignore
    arg [-dynamic-linker] ==> ignore
    arg [/lib64/ld-linux-x86-64.so.2] ==> ignore
    arg [-o] ==> ignore
    arg [cmTryCompileExec3151310279] ==> ignore
    arg [/usr/bin/../lib64/gcc/x86_64-unknown-linux-gnu/4.9.2/../../../../lib64/crt1.o] ==> ignore
    arg [/usr/bin/../lib64/gcc/x86_64-unknown-linux-gnu/4.9.2/../../../../lib64/crti.o] ==> ignore
    arg [/usr/bin/../lib64/gcc/x86_64-unknown-linux-gnu/4.9.2/crtbegin.o] ==> ignore
    arg [-L/usr/bin/../lib64/gcc/x86_64-unknown-linux-gnu/4.9.2] ==> dir [/usr/bin/../lib64/gcc/x86_64-unknown-linux-gnu/4.9.2]
    arg [-L/usr/bin/../lib64/gcc/x86_64-unknown-linux-gnu/4.9.2/../../../../lib64] ==> dir [/usr/bin/../lib64/gcc/x86_64-unknown-linux-gnu/4.9.2/../../../../lib64]
    arg [-L/usr/bin/../lib64] ==> dir [/usr/bin/../lib64]
    arg [-L/lib/../lib64] ==> dir [/lib/../lib64]
    arg [-L/usr/lib/../lib64] ==> dir [/usr/lib/../lib64]
    arg [-L/usr/bin/../lib64/gcc/x86_64-unknown-linux-gnu/4.9.2/../../..] ==> dir [/usr/bin/../lib64/gcc/x86_64-unknown-linux-gnu/4.9.2/../../..]
    arg [-L/usr/bin/../lib] ==> dir [/usr/bin/../lib]
    arg [-L/lib] ==> dir [/lib]
    arg [-L/usr/lib] ==> dir [/usr/lib]
    arg [CMakeFiles/cmTryCompileExec3151310279.dir/CMakeCCompilerABI.c.o] ==> ignore
    arg [-lgcc] ==> lib [gcc]
    arg [--as-needed] ==> ignore
    arg [-lgcc_s] ==> lib [gcc_s]
    arg [--no-as-needed] ==> ignore
    arg [-lc] ==> lib [c]
    arg [-lgcc] ==> lib [gcc]
    arg [--as-needed] ==> ignore
    arg [-lgcc_s] ==> lib [gcc_s]
    arg [--no-as-needed] ==> ignore
    arg [/usr/bin/../lib64/gcc/x86_64-unknown-linux-gnu/4.9.2/crtend.o] ==> ignore
    arg [/usr/bin/../lib64/gcc/x86_64-unknown-linux-gnu/4.9.2/../../../../lib64/crtn.o] ==> ignore
  remove lib [gcc]
  remove lib [gcc_s]
  remove lib [gcc]
  remove lib [gcc_s]
  collapse library dir [/usr/bin/../lib64/gcc/x86_64-unknown-linux-gnu/4.9.2] ==> [/usr/lib64/gcc/x86_64-unknown-linux-gnu/4.9.2]
  collapse library dir [/usr/bin/../lib64/gcc/x86_64-unknown-linux-gnu/4.9.2/../../../../lib64] ==> [/usr/lib64]
  collapse library dir [/usr/bin/../lib64] ==> [/usr/lib64]
  collapse library dir [/lib/../lib64] ==> [/lib64]
  collapse library dir [/usr/lib/../lib64] ==> [/usr/lib64]
  collapse library dir [/usr/bin/../lib64/gcc/x86_64-unknown-linux-gnu/4.9.2/../../..] ==> [/usr/lib64]
  collapse library dir [/usr/bin/../lib] ==> [/usr/lib]
  collapse library dir [/lib] ==> [/lib]
  collapse library dir [/usr/lib] ==> [/usr/lib]
  implicit libs: [c]
  implicit dirs: [/usr/lib64/gcc/x86_64-unknown-linux-gnu/4.9.2;/usr/lib64;/lib64;/usr/lib;/lib]
  implicit fwks: []


Determining if the CXX compiler works passed with the following output:
Change Dir: /home/jordy/Projetos/Cpp/opengl/3.0+/SDL2/1-6/build/CMakeFiles/CMakeTmp

Run Build Command:"/usr/bin/make" "cmTryCompileExec4268885280/fast"
/usr/bin/make -f CMakeFiles/cmTryCompileExec4268885280.dir/build.make CMakeFiles/cmTryCompileExec4268885280.dir/build
make[1]: Entering directory '/home/jordy/Projetos/Cpp/opengl/3.0+/SDL2/1-6/build/CMakeFiles/CMakeTmp'
/usr/bin/cmake -E cmake_progress_report /home/jordy/Projetos/Cpp/opengl/3.0+/SDL2/1-6/build/CMakeFiles/CMakeTmp/CMakeFiles 1
Building CXX object CMakeFiles/cmTryCompileExec4268885280.dir/testCXXCompiler.cxx.o
/usr/bin/clang++     -o CMakeFiles/cmTryCompileExec4268885280.dir/testCXXCompiler.cxx.o -c /home/jordy/Projetos/Cpp/opengl/3.0+/SDL2/1-6/build/CMakeFiles/CMakeTmp/testCXXCompiler.cxx
Linking CXX executable cmTryCompileExec4268885280
/usr/bin/cmake -E cmake_link_script CMakeFiles/cmTryCompileExec4268885280.dir/link.txt --verbose=1
/usr/bin/clang++        CMakeFiles/cmTryCompileExec4268885280.dir/testCXXCompiler.cxx.o  -o cmTryCompileExec4268885280 -rdynamic 
make[1]: Leaving directory '/home/jordy/Projetos/Cpp/opengl/3.0+/SDL2/1-6/build/CMakeFiles/CMakeTmp'


Detecting CXX compiler ABI info compiled with the following output:
Change Dir: /home/jordy/Projetos/Cpp/opengl/3.0+/SDL2/1-6/build/CMakeFiles/CMakeTmp

Run Build Command:"/usr/bin/make" "cmTryCompileExec1296263547/fast"
/usr/bin/make -f CMakeFiles/cmTryCompileExec1296263547.dir/build.make CMakeFiles/cmTryCompileExec1296263547.dir/build
make[1]: Entering directory '/home/jordy/Projetos/Cpp/opengl/3.0+/SDL2/1-6/build/CMakeFiles/CMakeTmp'
/usr/bin/cmake -E cmake_progress_report /home/jordy/Projetos/Cpp/opengl/3.0+/SDL2/1-6/build/CMakeFiles/CMakeTmp/CMakeFiles 1
Building CXX object CMakeFiles/cmTryCompileExec1296263547.dir/CMakeCXXCompilerABI.cpp.o
/usr/bin/clang++     -o CMakeFiles/cmTryCompileExec1296263547.dir/CMakeCXXCompilerABI.cpp.o -c /usr/share/cmake-3.0/Modules/CMakeCXXCompilerABI.cpp
Linking CXX executable cmTryCompileExec1296263547
/usr/bin/cmake -E cmake_link_script CMakeFiles/cmTryCompileExec1296263547.dir/link.txt --verbose=1
/usr/bin/clang++      -v CMakeFiles/cmTryCompileExec1296263547.dir/CMakeCXXCompilerABI.cpp.o  -o cmTryCompileExec1296263547 -rdynamic  
clang version 3.5.0 (tags/RELEASE_350/final)
Target: x86_64-unknown-linux-gnu
Thread model: posix
Found candidate GCC installation: /usr/bin/../lib/gcc/x86_64-unknown-linux-gnu/4.9.2
Found candidate GCC installation: /usr/bin/../lib64/gcc/x86_64-unknown-linux-gnu/4.9.2
Found candidate GCC installation: /usr/lib/gcc/x86_64-unknown-linux-gnu/4.9.2
Found candidate GCC installation: /usr/lib64/gcc/x86_64-unknown-linux-gnu/4.9.2
Selected GCC installation: /usr/bin/../lib64/gcc/x86_64-unknown-linux-gnu/4.9.2
Candidate multilib: .;@m64
Selected multilib: .;@m64
 "/usr/bin/ld" -export-dynamic --eh-frame-hdr -m elf_x86_64 -dynamic-linker /lib64/ld-linux-x86-64.so.2 -o cmTryCompileExec1296263547 /usr/bin/../lib64/gcc/x86_64-unknown-linux-gnu/4.9.2/../../../../lib64/crt1.o /usr/bin/../lib64/gcc/x86_64-unknown-linux-gnu/4.9.2/../../../../lib64/crti.o /usr/bin/../lib64/gcc/x86_64-unknown-linux-gnu/4.9.2/crtbegin.o -L/usr/bin/../lib64/gcc/x86_64-unknown-linux-gnu/4.9.2 -L/usr/bin/../lib64/gcc/x86_64-unknown-linux-gnu/4.9.2/../../../../lib64 -L/usr/bin/../lib64 -L/lib/../lib64 -L/usr/lib/../lib64 -L/usr/bin/../lib64/gcc/x86_64-unknown-linux-gnu/4.9.2/../../.. -L/usr/bin/../lib -L/lib -L/usr/lib CMakeFiles/cmTryCompileExec1296263547.dir/CMakeCXXCompilerABI.cpp.o -lstdc++ -lm -lgcc_s -lgcc -lc -lgcc_s -lgcc /usr/bin/../lib64/gcc/x86_64-unknown-linux-gnu/4.9.2/crtend.o /usr/bin/../lib64/gcc/x86_64-unknown-linux-gnu/4.9.2/../../../../lib64/crtn.o
make[1]: Leaving directory '/home/jordy/Projetos/Cpp/opengl/3.0+/SDL2/1-6/build/CMakeFiles/CMakeTmp'


Parsed CXX implicit link information from above output:
  link line regex: [^( *|.*[/\])(ld|([^/\]+-)?ld|collect2)[^/\]*( |$)]
  ignore line: [Change Dir: /home/jordy/Projetos/Cpp/opengl/3.0+/SDL2/1-6/build/CMakeFiles/CMakeTmp]
  ignore line: []
  ignore line: [Run Build Command:"/usr/bin/make" "cmTryCompileExec1296263547/fast"]
  ignore line: [/usr/bin/make -f CMakeFiles/cmTryCompileExec1296263547.dir/build.make CMakeFiles/cmTryCompileExec1296263547.dir/build]
  ignore line: [make[1]: Entering directory '/home/jordy/Projetos/Cpp/opengl/3.0+/SDL2/1-6/build/CMakeFiles/CMakeTmp']
  ignore line: [/usr/bin/cmake -E cmake_progress_report /home/jordy/Projetos/Cpp/opengl/3.0+/SDL2/1-6/build/CMakeFiles/CMakeTmp/CMakeFiles 1]
  ignore line: [Building CXX object CMakeFiles/cmTryCompileExec1296263547.dir/CMakeCXXCompilerABI.cpp.o]
  ignore line: [/usr/bin/clang++     -o CMakeFiles/cmTryCompileExec1296263547.dir/CMakeCXXCompilerABI.cpp.o -c /usr/share/cmake-3.0/Modules/CMakeCXXCompilerABI.cpp]
  ignore line: [Linking CXX executable cmTryCompileExec1296263547]
  ignore line: [/usr/bin/cmake -E cmake_link_script CMakeFiles/cmTryCompileExec1296263547.dir/link.txt --verbose=1]
  ignore line: [/usr/bin/clang++      -v CMakeFiles/cmTryCompileExec1296263547.dir/CMakeCXXCompilerABI.cpp.o  -o cmTryCompileExec1296263547 -rdynamic  ]
  ignore line: [clang version 3.5.0 (tags/RELEASE_350/final)]
  ignore line: [Target: x86_64-unknown-linux-gnu]
  ignore line: [Thread model: posix]
  ignore line: [Found candidate GCC installation: /usr/bin/../lib/gcc/x86_64-unknown-linux-gnu/4.9.2]
  ignore line: [Found candidate GCC installation: /usr/bin/../lib64/gcc/x86_64-unknown-linux-gnu/4.9.2]
  ignore line: [Found candidate GCC installation: /usr/lib/gcc/x86_64-unknown-linux-gnu/4.9.2]
  ignore line: [Found candidate GCC installation: /usr/lib64/gcc/x86_64-unknown-linux-gnu/4.9.2]
  ignore line: [Selected GCC installation: /usr/bin/../lib64/gcc/x86_64-unknown-linux-gnu/4.9.2]
  ignore line: [Candidate multilib: .]
  ignore line: [@m64]
  ignore line: [Selected multilib: .]
  ignore line: [@m64]
  link line: [ "/usr/bin/ld" -export-dynamic --eh-frame-hdr -m elf_x86_64 -dynamic-linker /lib64/ld-linux-x86-64.so.2 -o cmTryCompileExec1296263547 /usr/bin/../lib64/gcc/x86_64-unknown-linux-gnu/4.9.2/../../../../lib64/crt1.o /usr/bin/../lib64/gcc/x86_64-unknown-linux-gnu/4.9.2/../../../../lib64/crti.o /usr/bin/../lib64/gcc/x86_64-unknown-linux-gnu/4.9.2/crtbegin.o -L/usr/bin/../lib64/gcc/x86_64-unknown-linux-gnu/4.9.2 -L/usr/bin/../lib64/gcc/x86_64-unknown-linux-gnu/4.9.2/../../../../lib64 -L/usr/bin/../lib64 -L/lib/../lib64 -L/usr/lib/../lib64 -L/usr/bin/../lib64/gcc/x86_64-unknown-linux-gnu/4.9.2/../../.. -L/usr/bin/../lib -L/lib -L/usr/lib CMakeFiles/cmTryCompileExec1296263547.dir/CMakeCXXCompilerABI.cpp.o -lstdc++ -lm -lgcc_s -lgcc -lc -lgcc_s -lgcc /usr/bin/../lib64/gcc/x86_64-unknown-linux-gnu/4.9.2/crtend.o /usr/bin/../lib64/gcc/x86_64-unknown-linux-gnu/4.9.2/../../../../lib64/crtn.o]
    arg [/usr/bin/ld] ==> ignore
    arg [-export-dynamic] ==> ignore
    arg [--eh-frame-hdr] ==> ignore
    arg [-m] ==> ignore
    arg [elf_x86_64] ==> ignore
    arg [-dynamic-linker] ==> ignore
    arg [/lib64/ld-linux-x86-64.so.2] ==> ignore
    arg [-o] ==> ignore
    arg [cmTryCompileExec1296263547] ==> ignore
    arg [/usr/bin/../lib64/gcc/x86_64-unknown-linux-gnu/4.9.2/../../../../lib64/crt1.o] ==> ignore
    arg [/usr/bin/../lib64/gcc/x86_64-unknown-linux-gnu/4.9.2/../../../../lib64/crti.o] ==> ignore
    arg [/usr/bin/../lib64/gcc/x86_64-unknown-linux-gnu/4.9.2/crtbegin.o] ==> ignore
    arg [-L/usr/bin/../lib64/gcc/x86_64-unknown-linux-gnu/4.9.2] ==> dir [/usr/bin/../lib64/gcc/x86_64-unknown-linux-gnu/4.9.2]
    arg [-L/usr/bin/../lib64/gcc/x86_64-unknown-linux-gnu/4.9.2/../../../../lib64] ==> dir [/usr/bin/../lib64/gcc/x86_64-unknown-linux-gnu/4.9.2/../../../../lib64]
    arg [-L/usr/bin/../lib64] ==> dir [/usr/bin/../lib64]
    arg [-L/lib/../lib64] ==> dir [/lib/../lib64]
    arg [-L/usr/lib/../lib64] ==> dir [/usr/lib/../lib64]
    arg [-L/usr/bin/../lib64/gcc/x86_64-unknown-linux-gnu/4.9.2/../../..] ==> dir [/usr/bin/../lib64/gcc/x86_64-unknown-linux-gnu/4.9.2/../../..]
    arg [-L/usr/bin/../lib] ==> dir [/usr/bin/../lib]
    arg [-L/lib] ==> dir [/lib]
    arg [-L/usr/lib] ==> dir [/usr/lib]
    arg [CMakeFiles/cmTryCompileExec1296263547.dir/CMakeCXXCompilerABI.cpp.o] ==> ignore
    arg [-lstdc++] ==> lib [stdc++]
    arg [-lm] ==> lib [m]
    arg [-lgcc_s] ==> lib [gcc_s]
    arg [-lgcc] ==> lib [gcc]
    arg [-lc] ==> lib [c]
    arg [-lgcc_s] ==> lib [gcc_s]
    arg [-lgcc] ==> lib [gcc]
    arg [/usr/bin/../lib64/gcc/x86_64-unknown-linux-gnu/4.9.2/crtend.o] ==> ignore
    arg [/usr/bin/../lib64/gcc/x86_64-unknown-linux-gnu/4.9.2/../../../../lib64/crtn.o] ==> ignore
  remove lib [gcc_s]
  remove lib [gcc]
  remove lib [gcc_s]
  remove lib [gcc]
  collapse library dir [/usr/bin/../lib64/gcc/x86_64-unknown-linux-gnu/4.9.2] ==> [/usr/lib64/gcc/x86_64-unknown-linux-gnu/4.9.2]
  collapse library dir [/usr/bin/../lib64/gcc/x86_64-unknown-linux-gnu/4.9.2/../../../../lib64] ==> [/usr/lib64]
  collapse library dir [/usr/bin/../lib64] ==> [/usr/lib64]
  collapse library dir [/lib/../lib64] ==> [/lib64]
  collapse library dir [/usr/lib/../lib64] ==> [/usr/lib64]
  collapse library dir [/usr/bin/../lib64/gcc/x86_64-unknown-linux-gnu/4.9.2/../../..] ==> [/usr/lib64]
  collapse library dir [/usr/bin/../lib] ==> [/usr/lib]
  collapse library dir [/lib] ==> [/lib]
  collapse library dir [/usr/lib] ==> [/usr/lib]
  implicit libs: [stdc++;m;c]
  implicit dirs: [/usr/lib64/gcc/x86_64-unknown-linux-gnu/4.9.2;/usr/lib64;/lib64;/usr/lib;/lib]
  implicit fwks: []


Determining if the function XOpenDisplay exists in the /usr/lib64/libX11.so;/usr/lib64/libXext.so passed with the following output:
Change Dir: /home/jordy/Projetos/Cpp/opengl/3.0+/SDL2/1-6/build/CMakeFiles/CMakeTmp

Run Build Command:"/usr/bin/make" "cmTryCompileExec1938590149/fast"
/usr/bin/make -f CMakeFiles/cmTryCompileExec1938590149.dir/build.make CMakeFiles/cmTryCompileExec1938590149.dir/build
make[1]: Entering directory '/home/jordy/Projetos/Cpp/opengl/3.0+/SDL2/1-6/build/CMakeFiles/CMakeTmp'
/usr/bin/cmake -E cmake_progress_report /home/jordy/Projetos/Cpp/opengl/3.0+/SDL2/1-6/build/CMakeFiles/CMakeTmp/CMakeFiles 1
Building C object CMakeFiles/cmTryCompileExec1938590149.dir/CheckFunctionExists.c.o
/usr/bin/clang   -DCHECK_FUNCTION_EXISTS=XOpenDisplay   -o CMakeFiles/cmTryCompileExec1938590149.dir/CheckFunctionExists.c.o   -c /usr/share/cmake-3.0/Modules/CheckFunctionExists.c
Linking C executable cmTryCompileExec1938590149
/usr/bin/cmake -E cmake_link_script CMakeFiles/cmTryCompileExec1938590149.dir/link.txt --verbose=1
/usr/bin/clang   -DCHECK_FUNCTION_EXISTS=XOpenDisplay    CMakeFiles/cmTryCompileExec1938590149.dir/CheckFunctionExists.c.o  -o cmTryCompileExec1938590149 -rdynamic -lX11 -lXext 
make[1]: Leaving directory '/home/jordy/Projetos/Cpp/opengl/3.0+/SDL2/1-6/build/CMakeFiles/CMakeTmp'


Determining if the function gethostbyname exists passed with the following output:
Change Dir: /home/jordy/Projetos/Cpp/opengl/3.0+/SDL2/1-6/build/CMakeFiles/CMakeTmp

Run Build Command:"/usr/bin/make" "cmTryCompileExec2265243930/fast"
/usr/bin/make -f CMakeFiles/cmTryCompileExec2265243930.dir/build.make CMakeFiles/cmTryCompileExec2265243930.dir/build
make[1]: Entering directory '/home/jordy/Projetos/Cpp/opengl/3.0+/SDL2/1-6/build/CMakeFiles/CMakeTmp'
/usr/bin/cmake -E cmake_progress_report /home/jordy/Projetos/Cpp/opengl/3.0+/SDL2/1-6/build/CMakeFiles/CMakeTmp/CMakeFiles 1
Building C object CMakeFiles/cmTryCompileExec2265243930.dir/CheckFunctionExists.c.o
/usr/bin/clang   -DCHECK_FUNCTION_EXISTS=gethostbyname   -o CMakeFiles/cmTryCompileExec2265243930.dir/CheckFunctionExists.c.o   -c /usr/share/cmake-3.0/Modules/CheckFunctionExists.c
Linking C executable cmTryCompileExec2265243930
/usr/bin/cmake -E cmake_link_script CMakeFiles/cmTryCompileExec2265243930.dir/link.txt --verbose=1
/usr/bin/clang   -DCHECK_FUNCTION_EXISTS=gethostbyname    CMakeFiles/cmTryCompileExec2265243930.dir/CheckFunctionExists.c.o  -o cmTryCompileExec2265243930 -rdynamic 
make[1]: Leaving directory '/home/jordy/Projetos/Cpp/opengl/3.0+/SDL2/1-6/build/CMakeFiles/CMakeTmp'


Determining if the function connect exists passed with the following output:
Change Dir: /home/jordy/Projetos/Cpp/opengl/3.0+/SDL2/1-6/build/CMakeFiles/CMakeTmp

Run Build Command:"/usr/bin/make" "cmTryCompileExec2420384440/fast"
/usr/bin/make -f CMakeFiles/cmTryCompileExec2420384440.dir/build.make CMakeFiles/cmTryCompileExec2420384440.dir/build
make[1]: Entering directory '/home/jordy/Projetos/Cpp/opengl/3.0+/SDL2/1-6/build/CMakeFiles/CMakeTmp'
/usr/bin/cmake -E cmake_progress_report /home/jordy/Projetos/Cpp/opengl/3.0+/SDL2/1-6/build/CMakeFiles/CMakeTmp/CMakeFiles 1
Building C object CMakeFiles/cmTryCompileExec2420384440.dir/CheckFunctionExists.c.o
/usr/bin/clang   -DCHECK_FUNCTION_EXISTS=connect   -o CMakeFiles/cmTryCompileExec2420384440.dir/CheckFunctionExists.c.o   -c /usr/share/cmake-3.0/Modules/CheckFunctionExists.c
Linking C executable cmTryCompileExec2420384440
/usr/bin/cmake -E cmake_link_script CMakeFiles/cmTryCompileExec2420384440.dir/link.txt --verbose=1
/usr/bin/clang   -DCHECK_FUNCTION_EXISTS=connect    CMakeFiles/cmTryCompileExec2420384440.dir/CheckFunctionExists.c.o  -o cmTryCompileExec2420384440 -rdynamic 
make[1]: Leaving directory '/home/jordy/Projetos/Cpp/opengl/3.0+/SDL2/1-6/build/CMakeFiles/CMakeTmp'


Determining if the function remove exists passed with the following output:
Change Dir: /home/jordy/Projetos/Cpp/opengl/3.0+/SDL2/1-6/build/CMakeFiles/CMakeTmp

Run Build Command:"/usr/bin/make" "cmTryCompileExec2295394003/fast"
/usr/bin/make -f CMakeFiles/cmTryCompileExec2295394003.dir/build.make CMakeFiles/cmTryCompileExec2295394003.dir/build
make[1]: Entering directory '/home/jordy/Projetos/Cpp/opengl/3.0+/SDL2/1-6/build/CMakeFiles/CMakeTmp'
/usr/bin/cmake -E cmake_progress_report /home/jordy/Projetos/Cpp/opengl/3.0+/SDL2/1-6/build/CMakeFiles/CMakeTmp/CMakeFiles 1
Building C object CMakeFiles/cmTryCompileExec2295394003.dir/CheckFunctionExists.c.o
/usr/bin/clang   -DCHECK_FUNCTION_EXISTS=remove   -o CMakeFiles/cmTryCompileExec2295394003.dir/CheckFunctionExists.c.o   -c /usr/share/cmake-3.0/Modules/CheckFunctionExists.c
Linking C executable cmTryCompileExec2295394003
/usr/bin/cmake -E cmake_link_script CMakeFiles/cmTryCompileExec2295394003.dir/link.txt --verbose=1
/usr/bin/clang   -DCHECK_FUNCTION_EXISTS=remove    CMakeFiles/cmTryCompileExec2295394003.dir/CheckFunctionExists.c.o  -o cmTryCompileExec2295394003 -rdynamic 
make[1]: Leaving directory '/home/jordy/Projetos/Cpp/opengl/3.0+/SDL2/1-6/build/CMakeFiles/CMakeTmp'


Determining if the function shmat exists passed with the following output:
Change Dir: /home/jordy/Projetos/Cpp/opengl/3.0+/SDL2/1-6/build/CMakeFiles/CMakeTmp

Run Build Command:"/usr/bin/make" "cmTryCompileExec3680313076/fast"
/usr/bin/make -f CMakeFiles/cmTryCompileExec3680313076.dir/build.make CMakeFiles/cmTryCompileExec3680313076.dir/build
make[1]: Entering directory '/home/jordy/Projetos/Cpp/opengl/3.0+/SDL2/1-6/build/CMakeFiles/CMakeTmp'
/usr/bin/cmake -E cmake_progress_report /home/jordy/Projetos/Cpp/opengl/3.0+/SDL2/1-6/build/CMakeFiles/CMakeTmp/CMakeFiles 1
Building C object CMakeFiles/cmTryCompileExec3680313076.dir/CheckFunctionExists.c.o
/usr/bin/clang   -DCHECK_FUNCTION_EXISTS=shmat   -o CMakeFiles/cmTryCompileExec3680313076.dir/CheckFunctionExists.c.o   -c /usr/share/cmake-3.0/Modules/CheckFunctionExists.c
Linking C executable cmTryCompileExec3680313076
/usr/bin/cmake -E cmake_link_script CMakeFiles/cmTryCompileExec3680313076.dir/link.txt --verbose=1
/usr/bin/clang   -DCHECK_FUNCTION_EXISTS=shmat    CMakeFiles/cmTryCompileExec3680313076.dir/CheckFunctionExists.c.o  -o cmTryCompileExec3680313076 -rdynamic 
make[1]: Leaving directory '/home/jordy/Projetos/Cpp/opengl/3.0+/SDL2/1-6/build/CMakeFiles/CMakeTmp'


Determining if the function IceConnectionNumber exists in the ICE passed with the following output:
Change Dir: /home/jordy/Projetos/Cpp/opengl/3.0+/SDL2/1-6/build/CMakeFiles/CMakeTmp

Run Build Command:"/usr/bin/make" "cmTryCompileExec3469497288/fast"
/usr/bin/make -f CMakeFiles/cmTryCompileExec3469497288.dir/build.make CMakeFiles/cmTryCompileExec3469497288.dir/build
make[1]: Entering directory '/home/jordy/Projetos/Cpp/opengl/3.0+/SDL2/1-6/build/CMakeFiles/CMakeTmp'
/usr/bin/cmake -E cmake_progress_report /home/jordy/Projetos/Cpp/opengl/3.0+/SDL2/1-6/build/CMakeFiles/CMakeTmp/CMakeFiles 1
Building C object CMakeFiles/cmTryCompileExec3469497288.dir/CheckFunctionExists.c.o
/usr/bin/clang   -DCHECK_FUNCTION_EXISTS=IceConnectionNumber   -o CMakeFiles/cmTryCompileExec3469497288.dir/CheckFunctionExists.c.o   -c /usr/share/cmake-3.0/Modules/CheckFunctionExists.c
Linking C executable cmTryCompileExec3469497288
/usr/bin/cmake -E cmake_link_script CMakeFiles/cmTryCompileExec3469497288.dir/link.txt --verbose=1
/usr/bin/clang   -DCHECK_FUNCTION_EXISTS=IceConnectionNumber    CMakeFiles/cmTryCompileExec3469497288.dir/CheckFunctionExists.c.o  -o cmTryCompileExec3469497288 -rdynamic -lICE 
make[1]: Leaving directory '/home/jordy/Projetos/Cpp/opengl/3.0+/SDL2/1-6/build/CMakeFiles/CMakeTmp'


Determining if files pthread.h exist passed with the following output:
Change Dir: /home/jordy/Projetos/Cpp/opengl/3.0+/SDL2/1-6/build/CMakeFiles/CMakeTmp

Run Build Command:"/usr/bin/make" "cmTryCompileExec3985239566/fast"
/usr/bin/make -f CMakeFiles/cmTryCompileExec3985239566.dir/build.make CMakeFiles/cmTryCompileExec3985239566.dir/build
make[1]: Entering directory '/home/jordy/Projetos/Cpp/opengl/3.0+/SDL2/1-6/build/CMakeFiles/CMakeTmp'
/usr/bin/cmake -E cmake_progress_report /home/jordy/Projetos/Cpp/opengl/3.0+/SDL2/1-6/build/CMakeFiles/CMakeTmp/CMakeFiles 1
Building C object CMakeFiles/cmTryCompileExec3985239566.dir/CheckIncludeFiles.c.o
/usr/bin/clang    -o CMakeFiles/cmTryCompileExec3985239566.dir/CheckIncludeFiles.c.o   -c /home/jordy/Projetos/Cpp/opengl/3.0+/SDL2/1-6/build/CMakeFiles/CMakeTmp/CheckIncludeFiles.c
Linking C executable cmTryCompileExec3985239566
/usr/bin/cmake -E cmake_link_script CMakeFiles/cmTryCompileExec3985239566.dir/link.txt --verbose=1
/usr/bin/clang       CMakeFiles/cmTryCompileExec3985239566.dir/CheckIncludeFiles.c.o  -o cmTryCompileExec3985239566 -rdynamic 
make[1]: Leaving directory '/home/jordy/Projetos/Cpp/opengl/3.0+/SDL2/1-6/build/CMakeFiles/CMakeTmp'


Determining if the function pthread_create exists in the pthread passed with the following output:
Change Dir: /home/jordy/Projetos/Cpp/opengl/3.0+/SDL2/1-6/build/CMakeFiles/CMakeTmp

Run Build Command:"/usr/bin/make" "cmTryCompileExec346961063/fast"
/usr/bin/make -f CMakeFiles/cmTryCompileExec346961063.dir/build.make CMakeFiles/cmTryCompileExec346961063.dir/build
make[1]: Entering directory '/home/jordy/Projetos/Cpp/opengl/3.0+/SDL2/1-6/build/CMakeFiles/CMakeTmp'
/usr/bin/cmake -E cmake_progress_report /home/jordy/Projetos/Cpp/opengl/3.0+/SDL2/1-6/build/CMakeFiles/CMakeTmp/CMakeFiles 1
Building C object CMakeFiles/cmTryCompileExec346961063.dir/CheckFunctionExists.c.o
/usr/bin/clang   -DCHECK_FUNCTION_EXISTS=pthread_create   -o CMakeFiles/cmTryCompileExec346961063.dir/CheckFunctionExists.c.o   -c /usr/share/cmake-3.0/Modules/CheckFunctionExists.c
Linking C executable cmTryCompileExec346961063
/usr/bin/cmake -E cmake_link_script CMakeFiles/cmTryCompileExec346961063.dir/link.txt --verbose=1
/usr/bin/clang   -DCHECK_FUNCTION_EXISTS=pthread_create    CMakeFiles/cmTryCompileExec346961063.dir/CheckFunctionExists.c.o  -o cmTryCompileExec346961063 -rdynamic -lpthread 
make[1]: Leaving directory '/home/jordy/Projetos/Cpp/opengl/3.0+/SDL2/1-6/build/CMakeFiles/CMakeTmp'


