Determining if the pthread_create exist failed with the following output:
Change Dir: /home/jordy/Projetos/Cpp/opengl/3.0+/SDL2/1-6-build/CMakeFiles/CMakeTmp

Run Build Command:"/usr/bin/make" "cmTryCompileExec1059813842/fast"
/usr/bin/make -f CMakeFiles/cmTryCompileExec1059813842.dir/build.make CMakeFiles/cmTryCompileExec1059813842.dir/build
make[1]: Entering directory '/home/jordy/Projetos/Cpp/opengl/3.0+/SDL2/1-6-build/CMakeFiles/CMakeTmp'
/usr/bin/cmake -E cmake_progress_report /home/jordy/Projetos/Cpp/opengl/3.0+/SDL2/1-6-build/CMakeFiles/CMakeTmp/CMakeFiles 1
Building C object CMakeFiles/cmTryCompileExec1059813842.dir/CheckSymbolExists.c.o
/usr/bin/cc    -o CMakeFiles/cmTryCompileExec1059813842.dir/CheckSymbolExists.c.o   -c /home/jordy/Projetos/Cpp/opengl/3.0+/SDL2/1-6-build/CMakeFiles/CMakeTmp/CheckSymbolExists.c
Linking C executable cmTryCompileExec1059813842
/usr/bin/cmake -E cmake_link_script CMakeFiles/cmTryCompileExec1059813842.dir/link.txt --verbose=1
/usr/bin/cc       CMakeFiles/cmTryCompileExec1059813842.dir/CheckSymbolExists.c.o  -o cmTryCompileExec1059813842 -rdynamic 
CMakeFiles/cmTryCompileExec1059813842.dir/CheckSymbolExists.c.o: In function `main':
CheckSymbolExists.c:(.text+0x16): undefined reference to `pthread_create'
collect2: error: ld returned 1 exit status
CMakeFiles/cmTryCompileExec1059813842.dir/build.make:88: recipe for target 'cmTryCompileExec1059813842' failed
make[1]: *** [cmTryCompileExec1059813842] Error 1
make[1]: Leaving directory '/home/jordy/Projetos/Cpp/opengl/3.0+/SDL2/1-6-build/CMakeFiles/CMakeTmp'
Makefile:118: recipe for target 'cmTryCompileExec1059813842/fast' failed
make: *** [cmTryCompileExec1059813842/fast] Error 2

File /home/jordy/Projetos/Cpp/opengl/3.0+/SDL2/1-6-build/CMakeFiles/CMakeTmp/CheckSymbolExists.c:
/* */
#include <pthread.h>

int main(int argc, char** argv)
{
  (void)argv;
#ifndef pthread_create
  return ((int*)(&pthread_create))[argc];
#else
  (void)argc;
  return 0;
#endif
}

Determining if the function pthread_create exists in the pthreads failed with the following output:
Change Dir: /home/jordy/Projetos/Cpp/opengl/3.0+/SDL2/1-6-build/CMakeFiles/CMakeTmp

Run Build Command:"/usr/bin/make" "cmTryCompileExec3961592230/fast"
/usr/bin/make -f CMakeFiles/cmTryCompileExec3961592230.dir/build.make CMakeFiles/cmTryCompileExec3961592230.dir/build
make[1]: Entering directory '/home/jordy/Projetos/Cpp/opengl/3.0+/SDL2/1-6-build/CMakeFiles/CMakeTmp'
/usr/bin/cmake -E cmake_progress_report /home/jordy/Projetos/Cpp/opengl/3.0+/SDL2/1-6-build/CMakeFiles/CMakeTmp/CMakeFiles 1
Building C object CMakeFiles/cmTryCompileExec3961592230.dir/CheckFunctionExists.c.o
/usr/bin/cc   -DCHECK_FUNCTION_EXISTS=pthread_create   -o CMakeFiles/cmTryCompileExec3961592230.dir/CheckFunctionExists.c.o   -c /usr/share/cmake-3.0/Modules/CheckFunctionExists.c
Linking C executable cmTryCompileExec3961592230
/usr/bin/cmake -E cmake_link_script CMakeFiles/cmTryCompileExec3961592230.dir/link.txt --verbose=1
/usr/bin/cc   -DCHECK_FUNCTION_EXISTS=pthread_create    CMakeFiles/cmTryCompileExec3961592230.dir/CheckFunctionExists.c.o  -o cmTryCompileExec3961592230 -rdynamic -lpthreads 
/usr/bin/ld: cannot find -lpthreads
collect2: error: ld returned 1 exit status
CMakeFiles/cmTryCompileExec3961592230.dir/build.make:88: recipe for target 'cmTryCompileExec3961592230' failed
make[1]: *** [cmTryCompileExec3961592230] Error 1
make[1]: Leaving directory '/home/jordy/Projetos/Cpp/opengl/3.0+/SDL2/1-6-build/CMakeFiles/CMakeTmp'
Makefile:118: recipe for target 'cmTryCompileExec3961592230/fast' failed
make: *** [cmTryCompileExec3961592230/fast] Error 2


